2020-04-29 7:40:03 - PHP Warning:  Invalid argument supplied for foreach() in /home/f/flower0a/sputnik.good-fellazz.ru/public_html/admin/controller/extension/module/ot_product_tab.php on line 163
2020-04-29 9:03:40 - PHP Notice:  Array to string conversion in /home/f/flower0a/sputnik.good-fellazz.ru/public_html/system/library/template/Twig/Environment.php(403) : eval()'d code on line 329
2020-04-29 9:04:23 - PHP Notice:  Array to string conversion in /home/f/flower0a/sputnik.good-fellazz.ru/public_html/system/library/template/Twig/Environment.php(403) : eval()'d code on line 329
2020-05-04 13:29:15 - PHP Notice:  Undefined index: mail_error in /home/f/flower0a/sputnik.good-fellazz.ru/storage/modification/catalog/controller/information/contact.php on line 46
2020-05-04 13:29:32 - PHP Notice:  Undefined index: mail_error in /home/f/flower0a/sputnik.good-fellazz.ru/storage/modification/catalog/controller/information/contact.php on line 46
2020-05-04 13:31:50 - PHP Notice:  Undefined index: mail_error in /home/f/flower0a/sputnik.good-fellazz.ru/storage/modification/catalog/controller/information/contact.php on line 46
2020-05-04 13:31:55 - PHP Notice:  Undefined index: mail_error in /home/f/flower0a/sputnik.good-fellazz.ru/storage/modification/catalog/controller/information/contact.php on line 46
2020-05-04 15:25:43 - PHP Notice:  Undefined index: name in /home/f/flower0a/sputnik.good-fellazz.ru/storage/modification/catalog/controller/information/contact.php on line 187
2020-05-04 15:25:43 - PHP Notice:  Undefined index: email in /home/f/flower0a/sputnik.good-fellazz.ru/storage/modification/catalog/controller/information/contact.php on line 191
2020-05-04 15:25:43 - PHP Notice:  Undefined index: enquiry in /home/f/flower0a/sputnik.good-fellazz.ru/storage/modification/catalog/controller/information/contact.php on line 195
2020-05-04 15:25:50 - PHP Notice:  Undefined index: name in /home/f/flower0a/sputnik.good-fellazz.ru/storage/modification/catalog/controller/information/contact.php on line 187
2020-05-04 15:25:50 - PHP Notice:  Undefined index: email in /home/f/flower0a/sputnik.good-fellazz.ru/storage/modification/catalog/controller/information/contact.php on line 191
2020-05-04 15:25:50 - PHP Notice:  Undefined index: enquiry in /home/f/flower0a/sputnik.good-fellazz.ru/storage/modification/catalog/controller/information/contact.php on line 195
2020-05-04 15:27:07 - PHP Notice:  Undefined index: name in /home/f/flower0a/sputnik.good-fellazz.ru/storage/modification/catalog/controller/information/contact.php on line 187
2020-05-04 15:27:07 - PHP Notice:  Undefined index: email in /home/f/flower0a/sputnik.good-fellazz.ru/storage/modification/catalog/controller/information/contact.php on line 191
2020-05-04 15:27:07 - PHP Notice:  Undefined index: enquiry in /home/f/flower0a/sputnik.good-fellazz.ru/storage/modification/catalog/controller/information/contact.php on line 195
2020-05-04 15:27:56 - PHP Notice:  Undefined index: name in /home/f/flower0a/sputnik.good-fellazz.ru/storage/modification/catalog/controller/information/contact.php on line 187
2020-05-04 15:27:56 - PHP Notice:  Undefined index: email in /home/f/flower0a/sputnik.good-fellazz.ru/storage/modification/catalog/controller/information/contact.php on line 191
2020-05-04 15:27:56 - PHP Notice:  Undefined index: enquiry in /home/f/flower0a/sputnik.good-fellazz.ru/storage/modification/catalog/controller/information/contact.php on line 195
2020-05-04 15:28:23 - PHP Notice:  Undefined index: name in /home/f/flower0a/sputnik.good-fellazz.ru/storage/modification/catalog/controller/information/contact.php on line 187
2020-05-04 15:28:23 - PHP Notice:  Undefined index: email in /home/f/flower0a/sputnik.good-fellazz.ru/storage/modification/catalog/controller/information/contact.php on line 191
2020-05-04 15:28:23 - PHP Notice:  Undefined index: enquiry in /home/f/flower0a/sputnik.good-fellazz.ru/storage/modification/catalog/controller/information/contact.php on line 195
2020-05-04 15:28:55 - PHP Notice:  Undefined index: name in /home/f/flower0a/sputnik.good-fellazz.ru/storage/modification/catalog/controller/information/contact.php on line 187
2020-05-04 15:28:55 - PHP Notice:  Undefined index: email in /home/f/flower0a/sputnik.good-fellazz.ru/storage/modification/catalog/controller/information/contact.php on line 191
2020-05-04 15:28:55 - PHP Notice:  Undefined index: enquiry in /home/f/flower0a/sputnik.good-fellazz.ru/storage/modification/catalog/controller/information/contact.php on line 195
2020-05-04 15:29:07 - PHP Notice:  Undefined index: name in /home/f/flower0a/sputnik.good-fellazz.ru/storage/modification/catalog/controller/information/contact.php on line 187
2020-05-04 15:29:07 - PHP Notice:  Undefined index: email in /home/f/flower0a/sputnik.good-fellazz.ru/storage/modification/catalog/controller/information/contact.php on line 191
2020-05-04 15:29:07 - PHP Notice:  Undefined index: enquiry in /home/f/flower0a/sputnik.good-fellazz.ru/storage/modification/catalog/controller/information/contact.php on line 195
2020-05-04 15:29:54 - PHP Notice:  Undefined index: name in /home/f/flower0a/sputnik.good-fellazz.ru/storage/modification/catalog/controller/information/contact.php on line 187
2020-05-04 15:29:54 - PHP Notice:  Undefined index: email in /home/f/flower0a/sputnik.good-fellazz.ru/storage/modification/catalog/controller/information/contact.php on line 191
2020-05-04 15:29:54 - PHP Notice:  Undefined index: enquiry in /home/f/flower0a/sputnik.good-fellazz.ru/storage/modification/catalog/controller/information/contact.php on line 195
2020-05-05 9:53:52 - Недопустимый заголовок в Товаре(Product) файла импорта
2020-05-05 10:02:08 - Недопустимый заголовок в Товаре(Product) файла импорта
2020-05-05 10:10:48 - Export/Import: Invalid worksheet names
2020-05-05 10:12:04 - Export/Import: Invalid worksheet names
2020-05-05 11:14:05 - Недопустимый заголовок в Товаре(Product) файла импорта
2020-05-05 11:36:19 - Недопустимый заголовок в Товаре(Product) файла импорта
2020-05-05 11:36:57 - Недопустимый заголовок в Товаре(Product) файла импорта
2020-05-05 11:42:48 - Недопустимый заголовок в Товаре(Product) файла импорта
2020-05-05 11:43:53 - Недопустимый заголовок в Товаре(Product) файла импорта
2020-05-05 11:43:53 - Недопустимый заголовок в Товаре(Product) файла импорта
2020-05-05 11:45:21 - Недопустимый заголовок в Товаре(Product) файла импорта
2020-05-05 11:47:53 - Недопустимый заголовок в Товаре(Product) файла импорта
2020-05-05 11:49:21 - Недопустимый заголовок в Товаре(Product) файла импорта
2020-05-05 12:17:42 - Недопустимый заголовок в Товаре(Product) файла импорта
2020-05-05 12:19:17 - PHP Notice:  Undefined index: Mitsubishi Heavy Industries in /home/f/flower0a/sputnik.good-fellazz.ru/public_html/admin/model/extension/export_import.php on line 1037
2020-05-05 12:19:17 - PHP Exception:  Error: You have an error in your SQL syntax; check the manual that corresponds to your MySQL server version for the right syntax to use near ''123',,'',1,400,0,NOW(),NOW(),NOW(),0,1,1,0,0,0,0,0,'1','0','1','1')' at line 1<br />Error No: 1064<br />INSERT INTO `oc_product` (`product_id`,`quantity`,`sku`,`upc`,`ean`,`jan`,`isbn`,`mpn`,`location`,`stock_status_id`,`model`,`manufacturer_id`,`image`,`shipping`,`price`,`points`,`date_added`,`date_modified`,`date_available`,`weight`,`weight_class_id`,`status`,`tax_class_id`,`viewed`,`length`,`width`,`height`,`length_class_id`,`sort_order`,`subtract`,`minimum`) VALUES (50,1,'','','','','','','',,'123',,'',1,400,0,NOW(),NOW(),NOW(),0,1,1,0,0,0,0,0,'1','0','1','1'); in /home/f/flower0a/sputnik.good-fellazz.ru/public_html/system/library/db/mysqli.php on line 40
2020-05-05 12:19:17 - PHP Warning:  Cannot modify header information - headers already sent by (output started at /home/f/flower0a/sputnik.good-fellazz.ru/public_html/admin/model/extension/export_import.php:44) in /home/f/flower0a/sputnik.good-fellazz.ru/public_html/system/library/response.php on line 36
2020-05-05 12:19:35 - PHP Notice:  Undefined index: Mitsubishi Heavy Industries in /home/f/flower0a/sputnik.good-fellazz.ru/public_html/admin/model/extension/export_import.php on line 1037
2020-05-05 12:19:35 - PHP Exception:  Error: You have an error in your SQL syntax; check the manual that corresponds to your MySQL server version for the right syntax to use near ''123',,'',1,400,0,NOW(),NOW(),NOW(),0,1,1,0,0,0,0,0,'1','0','1','1')' at line 1<br />Error No: 1064<br />INSERT INTO `oc_product` (`product_id`,`quantity`,`sku`,`upc`,`ean`,`jan`,`isbn`,`mpn`,`location`,`stock_status_id`,`model`,`manufacturer_id`,`image`,`shipping`,`price`,`points`,`date_added`,`date_modified`,`date_available`,`weight`,`weight_class_id`,`status`,`tax_class_id`,`viewed`,`length`,`width`,`height`,`length_class_id`,`sort_order`,`subtract`,`minimum`) VALUES (50,1,'','','','','','','',,'123',,'',1,400,0,NOW(),NOW(),NOW(),0,1,1,0,0,0,0,0,'1','0','1','1'); in /home/f/flower0a/sputnik.good-fellazz.ru/public_html/system/library/db/mysqli.php on line 40
2020-05-05 12:19:35 - PHP Warning:  Cannot modify header information - headers already sent by (output started at /home/f/flower0a/sputnik.good-fellazz.ru/public_html/admin/model/extension/export_import.php:44) in /home/f/flower0a/sputnik.good-fellazz.ru/public_html/system/library/response.php on line 36
2020-05-05 12:21:37 - PHP Notice:  Undefined index: Mitsubishi Heavy Industries in /home/f/flower0a/sputnik.good-fellazz.ru/public_html/admin/model/extension/export_import.php on line 1037
2020-05-05 12:21:37 - PHP Exception:  Error: You have an error in your SQL syntax; check the manual that corresponds to your MySQL server version for the right syntax to use near ''123',,'catalog/profile-pic.png',1,400,0,NOW(),NOW(),NOW(),0,1,1,0,0,0,0,0,'1','' at line 1<br />Error No: 1064<br />INSERT INTO `oc_product` (`product_id`,`quantity`,`sku`,`upc`,`ean`,`jan`,`isbn`,`mpn`,`location`,`stock_status_id`,`model`,`manufacturer_id`,`image`,`shipping`,`price`,`points`,`date_added`,`date_modified`,`date_available`,`weight`,`weight_class_id`,`status`,`tax_class_id`,`viewed`,`length`,`width`,`height`,`length_class_id`,`sort_order`,`subtract`,`minimum`) VALUES (50,1,'','','','','','','',,'123',,'catalog/profile-pic.png',1,400,0,NOW(),NOW(),NOW(),0,1,1,0,0,0,0,0,'1','0','1','1'); in /home/f/flower0a/sputnik.good-fellazz.ru/public_html/system/library/db/mysqli.php on line 40
2020-05-05 12:21:37 - PHP Warning:  Cannot modify header information - headers already sent by (output started at /home/f/flower0a/sputnik.good-fellazz.ru/public_html/admin/model/extension/export_import.php:44) in /home/f/flower0a/sputnik.good-fellazz.ru/public_html/system/library/response.php on line 36
2020-05-05 12:23:42 - PHP Notice:  Undefined index: Mitsubishi in /home/f/flower0a/sputnik.good-fellazz.ru/public_html/admin/model/extension/export_import.php on line 1037
2020-05-05 12:23:42 - PHP Exception:  Error: You have an error in your SQL syntax; check the manual that corresponds to your MySQL server version for the right syntax to use near ''11',,'catalog/profile-pic.png',1,400,0,NOW(),NOW(),NOW(),0,1,1,0,0,0,0,0,'1','0' at line 1<br />Error No: 1064<br />INSERT INTO `oc_product` (`product_id`,`quantity`,`sku`,`upc`,`ean`,`jan`,`isbn`,`mpn`,`location`,`stock_status_id`,`model`,`manufacturer_id`,`image`,`shipping`,`price`,`points`,`date_added`,`date_modified`,`date_available`,`weight`,`weight_class_id`,`status`,`tax_class_id`,`viewed`,`length`,`width`,`height`,`length_class_id`,`sort_order`,`subtract`,`minimum`) VALUES (50,1,'','','','','','','',,'11',,'catalog/profile-pic.png',1,400,0,NOW(),NOW(),NOW(),0,1,1,0,0,0,0,0,'1','0','1','1'); in /home/f/flower0a/sputnik.good-fellazz.ru/public_html/system/library/db/mysqli.php on line 40
2020-05-05 12:23:42 - PHP Warning:  Cannot modify header information - headers already sent by (output started at /home/f/flower0a/sputnik.good-fellazz.ru/public_html/admin/model/extension/export_import.php:44) in /home/f/flower0a/sputnik.good-fellazz.ru/public_html/system/library/response.php on line 36
2020-05-05 12:24:58 - PHP Exception:  Error: You have an error in your SQL syntax; check the manual that corresponds to your MySQL server version for the right syntax to use near ''11',8,'catalog/profile-pic.png',1,400,0,NOW(),NOW(),NOW(),0,1,1,0,0,0,0,0,'1','' at line 1<br />Error No: 1064<br />INSERT INTO `oc_product` (`product_id`,`quantity`,`sku`,`upc`,`ean`,`jan`,`isbn`,`mpn`,`location`,`stock_status_id`,`model`,`manufacturer_id`,`image`,`shipping`,`price`,`points`,`date_added`,`date_modified`,`date_available`,`weight`,`weight_class_id`,`status`,`tax_class_id`,`viewed`,`length`,`width`,`height`,`length_class_id`,`sort_order`,`subtract`,`minimum`) VALUES (50,1,'','','','','','','',,'11',8,'catalog/profile-pic.png',1,400,0,NOW(),NOW(),NOW(),0,1,1,0,0,0,0,0,'1','0','1','1'); in /home/f/flower0a/sputnik.good-fellazz.ru/public_html/system/library/db/mysqli.php on line 40
2020-05-05 12:29:36 - PHP Exception:  Error: You have an error in your SQL syntax; check the manual that corresponds to your MySQL server version for the right syntax to use near ''11',8,'catalog/profile-pic.png',1,400,0,NOW(),NOW(),NOW(),0,1,1,0,0,0,0,0,'1','' at line 1<br />Error No: 1064<br />INSERT INTO `oc_product` (`product_id`,`quantity`,`sku`,`upc`,`ean`,`jan`,`isbn`,`mpn`,`location`,`stock_status_id`,`model`,`manufacturer_id`,`image`,`shipping`,`price`,`points`,`date_added`,`date_modified`,`date_available`,`weight`,`weight_class_id`,`status`,`tax_class_id`,`viewed`,`length`,`width`,`height`,`length_class_id`,`sort_order`,`subtract`,`minimum`) VALUES (50,1,'','','','','','','',,'11',8,'catalog/profile-pic.png',1,400,0,NOW(),NOW(),NOW(),0,1,1,0,0,0,0,0,'1','0','1','1'); in /home/f/flower0a/sputnik.good-fellazz.ru/public_html/system/library/db/mysqli.php on line 40
2020-05-05 12:40:55 - PHP Exception:  Error: You have an error in your SQL syntax; check the manual that corresponds to your MySQL server version for the right syntax to use near ''new',11,'',1,0,0,'2020-05-05 15:34:31','2020-05-05 15:34:51','2020-05-05',0,1,1' at line 1<br />Error No: 1064<br />INSERT INTO `oc_product` (`product_id`,`quantity`,`sku`,`upc`,`ean`,`jan`,`isbn`,`mpn`,`location`,`stock_status_id`,`model`,`manufacturer_id`,`image`,`shipping`,`price`,`points`,`date_added`,`date_modified`,`date_available`,`weight`,`weight_class_id`,`status`,`tax_class_id`,`viewed`,`length`,`width`,`height`,`length_class_id`,`sort_order`,`subtract`,`minimum`) VALUES (2,1,'','','','','','','',,'new',11,'',1,0,0,'2020-05-05 15:34:31','2020-05-05 15:34:51','2020-05-05',0,1,1,0,0,0,0,0,'1','0','1','1'); in /home/f/flower0a/sputnik.good-fellazz.ru/public_html/system/library/db/mysqli.php on line 40
2020-05-05 12:54:54 - PHP Exception:  Error: Duplicate entry '2' for key 'PRIMARY'<br />Error No: 1062<br />INSERT INTO `oc_product` (`product_id`,`quantity`,`sku`,`upc`,`ean`,`jan`,`isbn`,`mpn`,`location`,`stock_status_id`,`model`,`manufacturer_id`,`image`,`shipping`,`price`,`points`,`date_added`,`date_modified`,`date_available`,`weight`,`weight_class_id`,`status`,`tax_class_id`,`viewed`,`length`,`width`,`height`,`length_class_id`,`sort_order`,`subtract`,`minimum`) VALUES (2,1,'','','','','','','',7,'new',11,'',1,0,0,'2020-05-05 15:34:31','2020-05-05 15:34:51','2020-05-05',0,1,1,0,0,0,0,0,'1','1','1','1'); in /home/f/flower0a/sputnik.good-fellazz.ru/public_html/system/library/db/mysqli.php on line 40
2020-05-05 13:21:00 - Export/Import: файл импорта 'ProductSEOKeywords' не может использовать значение product_id '1' потому что товар отстутствует в списке 'Каталог-Товары'!
2020-05-05 13:21:09 - Export/Import: файл импорта 'ProductSEOKeywords' не может использовать значение product_id '1' потому что товар отстутствует в списке 'Каталог-Товары'!
2020-05-05 13:38:13 - Export/Import: файл импорта 'ProductSEOKeywords' не может использовать значение product_id '1' потому что товар отстутствует в списке 'Каталог-Товары'!
2020-05-05 13:57:06 - Export/Import: файл импорта 'ProductSEOKeywords' не может использовать значение product_id '1' потому что товар отстутствует в списке 'Каталог-Товары'!
2020-05-21 7:24:08 - Export/Import: файл импорта 'ProductSEOKeywords' не может использовать значение product_id '1' потому что товар отстутствует в списке 'Каталог-Товары'!
2020-05-21 7:24:27 - Export/Import: файл импорта 'ProductSEOKeywords' не может использовать значение product_id '1' потому что товар отстутствует в списке 'Каталог-Товары'!
2020-05-21 7:29:41 - Export/Import: Отсутствует category_ids в файле импорта 'Categories'!
2020-05-21 7:32:02 - Export/Import: Отсутствуют product_ids в файле 'Products'!
2020-05-21 7:32:02 - Export/Import: Отсутствует category_ids в файле импорта 'Categories'!
2020-05-21 7:32:23 - Export/Import: Отсутствуют product_ids в файле 'Products'!
2020-05-21 7:32:23 - Export/Import: Отсутствует category_ids в файле импорта 'Categories'!
2020-05-21 8:09:04 - PHP Exception:  Error: You have an error in your SQL syntax; check the manual that corresponds to your MySQL server version for the right syntax to use near ''   ',12,'',1,420,0,NOW(),NOW(),NOW(),0,1,1,0,0,0,0,0,'1','0','1','1')' at line 1<br />Error No: 1064<br />INSERT INTO `oc_product` (`product_id`,`quantity`,`sku`,`upc`,`ean`,`jan`,`isbn`,`mpn`,`location`,`stock_status_id`,`model`,`manufacturer_id`,`image`,`shipping`,`price`,`points`,`date_added`,`date_modified`,`date_available`,`weight`,`weight_class_id`,`status`,`tax_class_id`,`viewed`,`length`,`width`,`height`,`length_class_id`,`sort_order`,`subtract`,`minimum`) VALUES (2,1,'','','','','','','',,'   ',12,'',1,420,0,NOW(),NOW(),NOW(),0,1,1,0,0,0,0,0,'1','0','1','1'); in /home/f/flower0a/sputnik.good-fellazz.ru/public_html/system/library/db/mysqli.php on line 40
2020-05-21 9:53:33 - PHP Exception:  Error: Column count doesn't match value count at row 1<br />Error No: 1136<br />INSERT INTO `oc_product` (`product_id`,`quantity`,`sku`,`upc`,`ean`,`jan`,`isbn`,`mpn`,`location`,`stock_status_id`,`model`,`manufacturer_id`,`image`,`shipping`,`price`,`points`,`date_added`,`date_modified`,`date_available`,`weight`,`weight_class_id`,`status`,`tax_class_id`,`viewed`,`length`,`width`,`height`,`length_class_id`,`sort_order`,`subtract`,`minimum`) VALUES (513,1,'','','','','','','',7,'   ',19,'',1,17 400,00,0,'2020-05-05 15:34:31','2020-05-05 15:34:51','2020-05-05',0,1,1,0,0,0,0,0,'1','1','1','1'); in /home/f/flower0a/sputnik.good-fellazz.ru/public_html/system/library/db/mysqli.php on line 40
2020-05-21 9:54:29 - PHP Exception:  Error: Column count doesn't match value count at row 1<br />Error No: 1136<br />INSERT INTO `oc_product` (`product_id`,`quantity`,`sku`,`upc`,`ean`,`jan`,`isbn`,`mpn`,`location`,`stock_status_id`,`model`,`manufacturer_id`,`image`,`shipping`,`price`,`points`,`date_added`,`date_modified`,`date_available`,`weight`,`weight_class_id`,`status`,`tax_class_id`,`viewed`,`length`,`width`,`height`,`length_class_id`,`sort_order`,`subtract`,`minimum`) VALUES (513,1,'','','','','','','',7,'   ',19,'',1,17 400,00,0,'2020-05-05 15:34:31','2020-05-05 15:34:51','2020-05-05',0,1,1,0,0,0,0,0,'1','1','1','1'); in /home/f/flower0a/sputnik.good-fellazz.ru/public_html/system/library/db/mysqli.php on line 40
2020-05-21 10:03:37 - PHP Exception:  Error: Column count doesn't match value count at row 1<br />Error No: 1136<br />INSERT INTO `oc_product` (`product_id`,`quantity`,`sku`,`upc`,`ean`,`jan`,`isbn`,`mpn`,`location`,`stock_status_id`,`model`,`manufacturer_id`,`image`,`shipping`,`price`,`points`,`date_added`,`date_modified`,`date_available`,`weight`,`weight_class_id`,`status`,`tax_class_id`,`viewed`,`length`,`width`,`height`,`length_class_id`,`sort_order`,`subtract`,`minimum`) VALUES (513,1,'','','','','','','',7,'   ',19,'',1,17 400,00,0,'2020-05-05 15:34:31','2020-05-05 15:34:51','2020-05-05',0,1,1,0,0,0,0,0,'1','1','1','1'); in /home/f/flower0a/sputnik.good-fellazz.ru/public_html/system/library/db/mysqli.php on line 40
2020-05-21 10:04:11 - PHP Exception:  Error: Column count doesn't match value count at row 1<br />Error No: 1136<br />INSERT INTO `oc_product` (`product_id`,`quantity`,`sku`,`upc`,`ean`,`jan`,`isbn`,`mpn`,`location`,`stock_status_id`,`model`,`manufacturer_id`,`image`,`shipping`,`price`,`points`,`date_added`,`date_modified`,`date_available`,`weight`,`weight_class_id`,`status`,`tax_class_id`,`viewed`,`length`,`width`,`height`,`length_class_id`,`sort_order`,`subtract`,`minimum`) VALUES (513,1,'','','','','','','',7,'   ',19,'',1,18 900,00,0,'2020-05-05 15:34:31','2020-05-05 15:34:51','2020-05-05',0,1,1,0,0,0,0,0,'1','1','1','1'); in /home/f/flower0a/sputnik.good-fellazz.ru/public_html/system/library/db/mysqli.php on line 40
2020-05-21 10:07:32 - PHP Exception:  Error: Column count doesn't match value count at row 1<br />Error No: 1136<br />INSERT INTO `oc_product` (`product_id`,`quantity`,`sku`,`upc`,`ean`,`jan`,`isbn`,`mpn`,`location`,`stock_status_id`,`model`,`manufacturer_id`,`image`,`shipping`,`price`,`points`,`date_added`,`date_modified`,`date_available`,`weight`,`weight_class_id`,`status`,`tax_class_id`,`viewed`,`length`,`width`,`height`,`length_class_id`,`sort_order`,`subtract`,`minimum`) VALUES (513,1,'','','','','','','',7,'   ',19,'',1,17 400,00,0,'2020-05-05 15:34:31','2020-05-05 15:34:51','2020-05-05',0,1,1,0,0,0,0,0,'1','1','1','1'); in /home/f/flower0a/sputnik.good-fellazz.ru/public_html/system/library/db/mysqli.php on line 40
2020-05-21 10:12:46 - PHP Exception:  Error: Column count doesn't match value count at row 1<br />Error No: 1136<br />INSERT INTO `oc_product` (`product_id`,`quantity`,`sku`,`upc`,`ean`,`jan`,`isbn`,`mpn`,`location`,`stock_status_id`,`model`,`manufacturer_id`,`image`,`shipping`,`price`,`points`,`date_added`,`date_modified`,`date_available`,`weight`,`weight_class_id`,`status`,`tax_class_id`,`viewed`,`length`,`width`,`height`,`length_class_id`,`sort_order`,`subtract`,`minimum`) VALUES (520,1,'','','','','','','',7,'   ',19,'',1,26 900,00,0,'2020-05-05 15:34:31','2020-05-05 15:34:51','2020-05-05',0,1,1,0,0,0,0,0,'1','1','1','1'); in /home/f/flower0a/sputnik.good-fellazz.ru/public_html/system/library/db/mysqli.php on line 40
2020-05-21 10:39:05 - Export/Import: Отсутствуют product_ids в файле 'Products'!
2020-05-21 12:53:53 - Export/Import: Отсутствуют product_ids в файле 'AdditionalImages'!
2020-05-21 12:57:10 - Export/Import: Отсутствуют product_ids в файле 'AdditionalImages'!
2020-05-22 11:04:34 - Export/Import: Отсутствует category_ids в файле импорта 'Categories'!
2020-05-22 11:06:48 - Export/Import: Отсутствует category_ids в файле импорта 'Categories'!
2020-05-22 12:41:00 - PHP Warning:  unlink(/home/f/flower0a/sputnik.good-fellazz.ru/storage/cache/cache.catalog.language.1590154857): No such file or directory in /home/f/flower0a/sputnik.good-fellazz.ru/public_html/system/library/cache/file.php on line 68
